<?xml version="1.0" encoding="UTF-8" ?>
<testsuite tests="12" failures="0" name="cucumberOptions.TestRunner" time="15.832" errors="0" skipped="0">
  <properties>
[...]
</properties>
  <testcase classname="Verify if a user is able to book a ride" name="verify if user is able to book a ride using coupon" time="7.373"/>
  <testcase classname="Validating the app login flows" name="verify if user is successfully able to generate the OTP" time="0.33"/>
  <testcase classname="Validating the app login flows" name="verify if user is successfully able to generate the OTP" time="0.607"/>
  <testcase classname="Validating the app login flows" name="verify if user is successfully login into the app with json validations" time="0.564"/>
  <testcase classname="Validating the app login flows" name="verify if user is successfully login into the app with json validations" time="0.528"/>
  <testcase classname="Validating the app login flows" name="verify if user is successfully registered himself in the shuttl app" time="0.578"/>
  <testcase classname="Validating the route search results" name="verify if user is able to get the timeslots" time="1.527"/>
  <testcase classname="Validating the subscription related flows" name="Verify if user is able to see all the available offerings on the app" time="0.764"/>
  <testcase classname="Validating the subscription related flows" name="Verify if user is able to see all the details related to particular offering" time="0.429"/>
  <testcase classname="Validating the subscription related flows" name="Verify if user is able to purchase a shuttl pass" time="1.756"/>
  <testcase classname="Validating the subscription related flows" name="Verify if user is able to see his purchased offering on the app" time="0.752"/>
  <testcase classname="Validating the subscription related flows" name="Verify if user is able to cancel his purchased pass" time="0.624"/>
</testsuite>