<?xml version="1.0" encoding="UTF-8" ?>
<testsuite tests="17" failures="0" name="cucumberOptions.TestRunner" time="17.303" errors="4" skipped="0">
  <properties>
[...]
</properties>
  <testcase classname="Verify if a user is able to book, reschedule and cancel a ride" name="verify if user is able to book a ride using coupon" time="5.804">
    <error message="Unrecognized field &quot;subCta&quot; (class pojo.Cta), not marked as ignorable (2 known properties: &quot;title&quot;, &quot;type&quot;])
 at [Source: (String)&quot;{&quot;cached&quot;: false, &quot;data&quot;: {&quot;cta&quot;: &quot;RESERVE A SEAT&quot;, &quot;inactiveCta&quot;: &quot;BUY A NEW PASS&quot;, &quot;routes&quot;: [{&quot;bufferTime&quot;: 100000, &quot;drop_stop_title&quot;: &quot;Drop&quot;, &quot;fromLoc&quot;: {&quot;id&quot;: &quot;5752b57f-fd85-4c3a-9f67-6b1f30e2e7d4&quot;, &quot;lat&quot;: 28.58368506583371, &quot;lng&quot;: 77.21241725488308, &quot;name&quot;: &quot;SF Airport&quot;, &quot;pickupPointTagDatas&quot;: []}, &quot;futureSlots&quot;: [], &quot;isActive&quot;: true, &quot;isNotificationEnabled&quot;: false, &quot;journeyTime&quot;: 300.0, &quot;journeyTimeText&quot;: &quot;0.08333333333333333 hours &quot;, &quot;moreShuttlsInfoMessage&quot;: &quot;These are approximate times&quot;[truncated 24696 chars]; line: 1, column: 1139] (through reference chain: pojo.CombinedSlots[&quot;data&quot;]-&gt;pojo.CsData[&quot;routes&quot;]-&gt;java.util.ArrayList[0]-&gt;pojo.routes[&quot;slots&quot;]-&gt;java.util.ArrayList[0]-&gt;pojo.slots[&quot;cta&quot;]-&gt;pojo.Cta[&quot;subCta&quot;])" type="com.fasterxml.jackson.databind.exc.UnrecognizedPropertyException">com.fasterxml.jackson.databind.exc.UnrecognizedPropertyException: Unrecognized field &quot;subCta&quot; (class pojo.Cta), not marked as ignorable (2 known properties: &quot;title&quot;, &quot;type&quot;])
 at [Source: (String)&quot;{&quot;cached&quot;: false, &quot;data&quot;: {&quot;cta&quot;: &quot;RESERVE A SEAT&quot;, &quot;inactiveCta&quot;: &quot;BUY A NEW PASS&quot;, &quot;routes&quot;: [{&quot;bufferTime&quot;: 100000, &quot;drop_stop_title&quot;: &quot;Drop&quot;, &quot;fromLoc&quot;: {&quot;id&quot;: &quot;5752b57f-fd85-4c3a-9f67-6b1f30e2e7d4&quot;, &quot;lat&quot;: 28.58368506583371, &quot;lng&quot;: 77.21241725488308, &quot;name&quot;: &quot;SF Airport&quot;, &quot;pickupPointTagDatas&quot;: []}, &quot;futureSlots&quot;: [], &quot;isActive&quot;: true, &quot;isNotificationEnabled&quot;: false, &quot;journeyTime&quot;: 300.0, &quot;journeyTimeText&quot;: &quot;0.08333333333333333 hours &quot;, &quot;moreShuttlsInfoMessage&quot;: &quot;These are approximate times&quot;[truncated 24696 chars]; line: 1, column: 1139] (through reference chain: pojo.CombinedSlots[&quot;data&quot;]-&gt;pojo.CsData[&quot;routes&quot;]-&gt;java.util.ArrayList[0]-&gt;pojo.routes[&quot;slots&quot;]-&gt;java.util.ArrayList[0]-&gt;pojo.slots[&quot;cta&quot;]-&gt;pojo.Cta[&quot;subCta&quot;])
	at com.fasterxml.jackson.databind.exc.UnrecognizedPropertyException.from(UnrecognizedPropertyException.java:61)
	at com.fasterxml.jackson.databind.DeserializationContext.handleUnknownProperty(DeserializationContext.java:840)
	at com.fasterxml.jackson.databind.deser.std.StdDeserializer.handleUnknownProperty(StdDeserializer.java:1192)
	at com.fasterxml.jackson.databind.deser.BeanDeserializerBase.handleUnknownProperty(BeanDeserializerBase.java:1592)
	at com.fasterxml.jackson.databind.deser.BeanDeserializerBase.handleUnknownVanilla(BeanDeserializerBase.java:1570)
	at com.fasterxml.jackson.databind.deser.BeanDeserializer.vanillaDeserialize(BeanDeserializer.java:294)
	at com.fasterxml.jackson.databind.deser.BeanDeserializer.deserialize(BeanDeserializer.java:151)
	at com.fasterxml.jackson.databind.deser.impl.MethodProperty.deserializeAndSet(MethodProperty.java:129)
	at com.fasterxml.jackson.databind.deser.BeanDeserializer.vanillaDeserialize(BeanDeserializer.java:288)
	at com.fasterxml.jackson.databind.deser.BeanDeserializer.deserialize(BeanDeserializer.java:151)
	at com.fasterxml.jackson.databind.deser.std.CollectionDeserializer.deserialize(CollectionDeserializer.java:286)
	at com.fasterxml.jackson.databind.deser.std.CollectionDeserializer.deserialize(CollectionDeserializer.java:245)
	at com.fasterxml.jackson.databind.deser.std.CollectionDeserializer.deserialize(CollectionDeserializer.java:27)
	at com.fasterxml.jackson.databind.deser.impl.MethodProperty.deserializeAndSet(MethodProperty.java:129)
	at com.fasterxml.jackson.databind.deser.BeanDeserializer.vanillaDeserialize(BeanDeserializer.java:288)
	at com.fasterxml.jackson.databind.deser.BeanDeserializer.deserialize(BeanDeserializer.java:151)
	at com.fasterxml.jackson.databind.deser.std.CollectionDeserializer.deserialize(CollectionDeserializer.java:286)
	at com.fasterxml.jackson.databind.deser.std.CollectionDeserializer.deserialize(CollectionDeserializer.java:245)
	at com.fasterxml.jackson.databind.deser.std.CollectionDeserializer.deserialize(CollectionDeserializer.java:27)
	at com.fasterxml.jackson.databind.deser.impl.MethodProperty.deserializeAndSet(MethodProperty.java:129)
	at com.fasterxml.jackson.databind.deser.BeanDeserializer.vanillaDeserialize(BeanDeserializer.java:288)
	at com.fasterxml.jackson.databind.deser.BeanDeserializer.deserialize(BeanDeserializer.java:151)
	at com.fasterxml.jackson.databind.deser.impl.MethodProperty.deserializeAndSet(MethodProperty.java:129)
	at com.fasterxml.jackson.databind.deser.BeanDeserializer.vanillaDeserialize(BeanDeserializer.java:288)
	at com.fasterxml.jackson.databind.deser.BeanDeserializer.deserialize(BeanDeserializer.java:151)
	at com.fasterxml.jackson.databind.ObjectMapper._readMapAndClose(ObjectMapper.java:4202)
	at com.fasterxml.jackson.databind.ObjectMapper.readValue(ObjectMapper.java:3205)
	at com.fasterxml.jackson.databind.ObjectMapper$readValue$2.call(Unknown Source)
	at org.codehaus.groovy.runtime.callsite.CallSiteArray.defaultCall(CallSiteArray.java:47)
	at org.codehaus.groovy.runtime.callsite.AbstractCallSite.call(AbstractCallSite.java:115)
	at org.codehaus.groovy.runtime.callsite.AbstractCallSite.call(AbstractCallSite.java:135)
	at io.restassured.internal.path.json.mapping.JsonPathJackson2ObjectDeserializer.deserialize(JsonPathJackson2ObjectDeserializer.groovy:46)
	at io.restassured.path.json.mapping.JsonPathObjectDeserializer$deserialize.call(Unknown Source)
	at org.codehaus.groovy.runtime.callsite.CallSiteArray.defaultCall(CallSiteArray.java:47)
	at org.codehaus.groovy.runtime.callsite.AbstractCallSite.call(AbstractCallSite.java:115)
	at org.codehaus.groovy.runtime.callsite.AbstractCallSite.call(AbstractCallSite.java:127)
	at io.restassured.internal.mapping.Jackson2Mapper.deserialize(Jackson2Mapper.groovy:58)
	at io.restassured.mapper.ObjectMapper$deserialize$0.call(Unknown Source)
	at org.codehaus.groovy.runtime.callsite.CallSiteArray.defaultCall(CallSiteArray.java:47)
	at org.codehaus.groovy.runtime.callsite.AbstractCallSite.call(AbstractCallSite.java:115)
	at org.codehaus.groovy.runtime.callsite.AbstractCallSite.call(AbstractCallSite.java:127)
	at io.restassured.internal.mapping.ObjectMapping.parseWithJackson2(ObjectMapping.groovy:221)
	at io.restassured.internal.mapping.ObjectMapping$parseWithJackson2$1.callStatic(Unknown Source)
	at org.codehaus.groovy.runtime.callsite.CallSiteArray.defaultCallStatic(CallSiteArray.java:55)
	at org.codehaus.groovy.runtime.callsite.AbstractCallSite.callStatic(AbstractCallSite.java:196)
	at org.codehaus.groovy.runtime.callsite.AbstractCallSite.callStatic(AbstractCallSite.java:216)
	at io.restassured.internal.mapping.ObjectMapping.deserialize(ObjectMapping.groovy:58)
	at io.restassured.internal.mapping.ObjectMapping$deserialize$0.call(Unknown Source)
	at org.codehaus.groovy.runtime.callsite.CallSiteArray.defaultCall(CallSiteArray.java:47)
	at org.codehaus.groovy.runtime.callsite.AbstractCallSite.call(AbstractCallSite.java:115)
	at io.restassured.internal.RestAssuredResponseOptionsGroovyImpl.as(RestAssuredResponseOptionsGroovyImpl.groovy:224)
	at io.restassured.internal.RestAssuredResponseOptionsImpl.as(RestAssuredResponseOptionsImpl.java:169)
	at steps.Booking.getTripId(Booking.java:43)
	at steps.Booking.aUserCallHttpsRequestForWith(Booking.java:61)
	at ✽.A user call &quot;POST&quot; https request for &quot;/v3/booking/create&quot; with(file:///Users/admin/Desktop/restAssured/src/test/java/features/booking.feature:5)
</error>
    <system-out>
@booking
Scenario: verify if user is able to book a ride using coupon                           &amp;#27;[90m# src/test/java/features/booking.feature:4&amp;#27;[0m
---------************-------
Starting - verify if user is able to book a ride using coupon
---------************-------
Request method:	POST
Request URI:	https://consumer-backend-staging.shuttlstage.com/v3/auth/user
Proxy:			&lt;none&gt;
Request params:	&lt;none&gt;
Query params:	&lt;none&gt;
Form params:	&lt;none&gt;
Path params:	&lt;none&gt;
Headers:		appVersion=38014
				deviceVersion=28
				deviceId=863115042821530
				platform=Android
				Accept=*/*
				Content-Type=application/json; charset=UTF-8
Cookies:		&lt;none&gt;
Multiparts:		&lt;none&gt;
Body:
{
    &quot;loginType&quot;: &quot;SHUTTL&quot;,
    &quot;newDevice&quot;: true,
    &quot;newUser&quot;: true,
    &quot;otp&quot;: &quot;1337&quot;,
    &quot;phoneNumber&quot;: &quot;9555814581&quot;,
    &quot;policyPerused&quot;: true
}
Request method:	GET
Request URI:	https://consumer-backend-staging.shuttlstage.com/v4/routes/combinedSlots?toLat=28.56636061941184&amp;fromLat=28.58368506583371&amp;fromLng=77.21241725488308&amp;toLng=77.20755711353199
Proxy:			&lt;none&gt;
Request params:	&lt;none&gt;
Query params:	toLat=28.56636061941184
				fromLat=28.58368506583371
				fromLng=77.21241725488308
				toLng=77.20755711353199
Form params:	&lt;none&gt;
Path params:	&lt;none&gt;
Headers:		sessionId=74DFGPOYYFD4TB6XJ2EHNRMY62XBP4OCZCTC34XBNWNGWYPDGBAPDT6VUBJEDZUQZZ5ZIBQWLIO5ZIY35OJOWI6SGN6AULSVJ3QLKNI
				Accept=*/*
				Content-Type=application/json; charset=UTF-8
Cookies:		&lt;none&gt;
Multiparts:		&lt;none&gt;
Body:			&lt;none&gt;
Request method:	GET
Request URI:	https://consumer-backend-staging.shuttlstage.com/v4/routes/combinedSlots?toLat=28.56636061941184&amp;fromLat=28.58368506583371&amp;fromLng=77.21241725488308&amp;toLng=77.20755711353199
Proxy:			&lt;none&gt;
Request params:	&lt;none&gt;
Query params:	toLat=28.56636061941184
				fromLat=28.58368506583371
				fromLng=77.21241725488308
				toLng=77.20755711353199
Form params:	&lt;none&gt;
Path params:	&lt;none&gt;
Headers:		sessionId=74DFGPOYYFD4TB6XJ2EHNRMY62XBP4OCZCTC34XBNWNGWYPDGBAPDT6VUBJEDZUQZZ5ZIBQWLIO5ZIY35OJOWI6SGN6AULSVJ3QLKNI
				Accept=*/*
				Content-Type=application/json; charset=UTF-8
Cookies:		&lt;none&gt;
Multiparts:		&lt;none&gt;
Body:			&lt;none&gt;
  &amp;#27;[31mGiven &amp;#27;[0m&amp;#27;[31mA user call &amp;#27;[0m&amp;#27;[31m&amp;#27;[1m&quot;POST&quot;&amp;#27;[0m&amp;#27;[31m https request for &amp;#27;[0m&amp;#27;[31m&amp;#27;[1m&quot;/v3/booking/create&quot;&amp;#27;[0m&amp;#27;[31m with&amp;#27;[0m                 &amp;#27;[90m# steps.Booking.aUserCallHttpsRequestForWith(java.lang.String,java.lang.String,io.cucumber.datatable.DataTable)&amp;#27;[0m
      &amp;#27;[31mcom.fasterxml.jackson.databind.exc.UnrecognizedPropertyException: Unrecognized field &quot;subCta&quot; (class pojo.Cta), not marked as ignorable (2 known properties: &quot;title&quot;, &quot;type&quot;])
 at [Source: (String)&quot;{&quot;cached&quot;: false, &quot;data&quot;: {&quot;cta&quot;: &quot;RESERVE A SEAT&quot;, &quot;inactiveCta&quot;: &quot;BUY A NEW PASS&quot;, &quot;routes&quot;: [{&quot;bufferTime&quot;: 100000, &quot;drop_stop_title&quot;: &quot;Drop&quot;, &quot;fromLoc&quot;: {&quot;id&quot;: &quot;5752b57f-fd85-4c3a-9f67-6b1f30e2e7d4&quot;, &quot;lat&quot;: 28.58368506583371, &quot;lng&quot;: 77.21241725488308, &quot;name&quot;: &quot;SF Airport&quot;, &quot;pickupPointTagDatas&quot;: []}, &quot;futureSlots&quot;: [], &quot;isActive&quot;: true, &quot;isNotificationEnabled&quot;: false, &quot;journeyTime&quot;: 300.0, &quot;journeyTimeText&quot;: &quot;0.08333333333333333 hours &quot;, &quot;moreShuttlsInfoMessage&quot;: &quot;These are approximate times&quot;[truncated 24696 chars]; line: 1, column: 1139] (through reference chain: pojo.CombinedSlots[&quot;data&quot;]-&gt;pojo.CsData[&quot;routes&quot;]-&gt;java.util.ArrayList[0]-&gt;pojo.routes[&quot;slots&quot;]-&gt;java.util.ArrayList[0]-&gt;pojo.slots[&quot;cta&quot;]-&gt;pojo.Cta[&quot;subCta&quot;])
	at com.fasterxml.jackson.databind.exc.UnrecognizedPropertyException.from(UnrecognizedPropertyException.java:61)
	at com.fasterxml.jackson.databind.DeserializationContext.handleUnknownProperty(DeserializationContext.java:840)
	at com.fasterxml.jackson.databind.deser.std.StdDeserializer.handleUnknownProperty(StdDeserializer.java:1192)
	at com.fasterxml.jackson.databind.deser.BeanDeserializerBase.handleUnknownProperty(BeanDeserializerBase.java:1592)
	at com.fasterxml.jackson.databind.deser.BeanDeserializerBase.handleUnknownVanilla(BeanDeserializerBase.java:1570)
	at com.fasterxml.jackson.databind.deser.BeanDeserializer.vanillaDeserialize(BeanDeserializer.java:294)
	at com.fasterxml.jackson.databind.deser.BeanDeserializer.deserialize(BeanDeserializer.java:151)
	at com.fasterxml.jackson.databind.deser.impl.MethodProperty.deserializeAndSet(MethodProperty.java:129)
	at com.fasterxml.jackson.databind.deser.BeanDeserializer.vanillaDeserialize(BeanDeserializer.java:288)
	at com.fasterxml.jackson.databind.deser.BeanDeserializer.deserialize(BeanDeserializer.java:151)
	at com.fasterxml.jackson.databind.deser.std.CollectionDeserializer.deserialize(CollectionDeserializer.java:286)
	at com.fasterxml.jackson.databind.deser.std.CollectionDeserializer.deserialize(CollectionDeserializer.java:245)
	at com.fasterxml.jackson.databind.deser.std.CollectionDeserializer.deserialize(CollectionDeserializer.java:27)
	at com.fasterxml.jackson.databind.deser.impl.MethodProperty.deserializeAndSet(MethodProperty.java:129)
	at com.fasterxml.jackson.databind.deser.BeanDeserializer.vanillaDeserialize(BeanDeserializer.java:288)
	at com.fasterxml.jackson.databind.deser.BeanDeserializer.deserialize(BeanDeserializer.java:151)
	at com.fasterxml.jackson.databind.deser.std.CollectionDeserializer.deserialize(CollectionDeserializer.java:286)
	at com.fasterxml.jackson.databind.deser.std.CollectionDeserializer.deserialize(CollectionDeserializer.java:245)
	at com.fasterxml.jackson.databind.deser.std.CollectionDeserializer.deserialize(CollectionDeserializer.java:27)
	at com.fasterxml.jackson.databind.deser.impl.MethodProperty.deserializeAndSet(MethodProperty.java:129)
	at com.fasterxml.jackson.databind.deser.BeanDeserializer.vanillaDeserialize(BeanDeserializer.java:288)
	at com.fasterxml.jackson.databind.deser.BeanDeserializer.deserialize(BeanDeserializer.java:151)
	at com.fasterxml.jackson.databind.deser.impl.MethodProperty.deserializeAndSet(MethodProperty.java:129)
	at com.fasterxml.jackson.databind.deser.BeanDeserializer.vanillaDeserialize(BeanDeserializer.java:288)
	at com.fasterxml.jackson.databind.deser.BeanDeserializer.deserialize(BeanDeserializer.java:151)
	at com.fasterxml.jackson.databind.ObjectMapper._readMapAndClose(ObjectMapper.java:4202)
	at com.fasterxml.jackson.databind.ObjectMapper.readValue(ObjectMapper.java:3205)
	at com.fasterxml.jackson.databind.ObjectMapper$readValue$2.call(Unknown Source)
	at org.codehaus.groovy.runtime.callsite.CallSiteArray.defaultCall(CallSiteArray.java:47)
	at org.codehaus.groovy.runtime.callsite.AbstractCallSite.call(AbstractCallSite.java:115)
	at org.codehaus.groovy.runtime.callsite.AbstractCallSite.call(AbstractCallSite.java:135)
	at io.restassured.internal.path.json.mapping.JsonPathJackson2ObjectDeserializer.deserialize(JsonPathJackson2ObjectDeserializer.groovy:46)
	at io.restassured.path.json.mapping.JsonPathObjectDeserializer$deserialize.call(Unknown Source)
	at org.codehaus.groovy.runtime.callsite.CallSiteArray.defaultCall(CallSiteArray.java:47)
	at org.codehaus.groovy.runtime.callsite.AbstractCallSite.call(AbstractCallSite.java:115)
	at org.codehaus.groovy.runtime.callsite.AbstractCallSite.call(AbstractCallSite.java:127)
	at io.restassured.internal.mapping.Jackson2Mapper.deserialize(Jackson2Mapper.groovy:58)
	at io.restassured.mapper.ObjectMapper$deserialize$0.call(Unknown Source)
	at org.codehaus.groovy.runtime.callsite.CallSiteArray.defaultCall(CallSiteArray.java:47)
	at org.codehaus.groovy.runtime.callsite.AbstractCallSite.call(AbstractCallSite.java:115)
	at org.codehaus.groovy.runtime.callsite.AbstractCallSite.call(AbstractCallSite.java:127)
	at io.restassured.internal.mapping.ObjectMapping.parseWithJackson2(ObjectMapping.groovy:221)
	at io.restassured.internal.mapping.ObjectMapping$parseWithJackson2$1.callStatic(Unknown Source)
	at org.codehaus.groovy.runtime.callsite.CallSiteArray.defaultCallStatic(CallSiteArray.java:55)
	at org.codehaus.groovy.runtime.callsite.AbstractCallSite.callStatic(AbstractCallSite.java:196)
	at org.codehaus.groovy.runtime.callsite.AbstractCallSite.callStatic(AbstractCallSite.java:216)
	at io.restassured.internal.mapping.ObjectMapping.deserialize(ObjectMapping.groovy:58)
	at io.restassured.internal.mapping.ObjectMapping$deserialize$0.call(Unknown Source)
	at org.codehaus.groovy.runtime.callsite.CallSiteArray.defaultCall(CallSiteArray.java:47)
	at org.codehaus.groovy.runtime.callsite.AbstractCallSite.call(AbstractCallSite.java:115)
	at io.restassured.internal.RestAssuredResponseOptionsGroovyImpl.as(RestAssuredResponseOptionsGroovyImpl.groovy:224)
	at io.restassured.internal.RestAssuredResponseOptionsImpl.as(RestAssuredResponseOptionsImpl.java:169)
	at steps.Booking.getTripId(Booking.java:43)
	at steps.Booking.aUserCallHttpsRequestForWith(Booking.java:61)
	at ?.A user call &quot;POST&quot; https request for &quot;/v3/booking/create&quot; with(file:///Users/admin/Desktop/restAssured/src/test/java/features/booking.feature:5)
&amp;#27;[0m
  &amp;#27;[36mThen &amp;#27;[0m&amp;#27;[36mUser should get successful response with message &amp;#27;[0m&amp;#27;[36m&amp;#27;[1m&quot;Your ride has been confirmed&quot;&amp;#27;[0m &amp;#27;[90m# steps.Booking.userShouldGetSuccessfulResponseWithMessage(java.lang.String)&amp;#27;[0m
verify if user is able to book a ride using coupon Status - FAILED
------------------------------------
</system-out>
  </testcase>
  <testcase classname="Verify if a user is able to book, reschedule and cancel a ride" name="verify if booking card is visible to user on home screen" time="0.772"/>
  <testcase classname="Verify if a user is able to book, reschedule and cancel a ride" name="verify if user is able to reschedule his ride" time="0.458">
    <error message="Unrecognized field &quot;message&quot; (class pojo.RescheduleSlots), not marked as ignorable (3 known properties: &quot;cached&quot;, &quot;success&quot;, &quot;data&quot;])
 at [Source: (String)&quot;{&quot;message&quot;: &quot;Invalid query_params: expected int (path \&quot;boardingTime\&quot;)&quot;}&quot;; line: 1, column: 14] (through reference chain: pojo.RescheduleSlots[&quot;message&quot;])" type="com.fasterxml.jackson.databind.exc.UnrecognizedPropertyException">com.fasterxml.jackson.databind.exc.UnrecognizedPropertyException: Unrecognized field &quot;message&quot; (class pojo.RescheduleSlots), not marked as ignorable (3 known properties: &quot;cached&quot;, &quot;success&quot;, &quot;data&quot;])
 at [Source: (String)&quot;{&quot;message&quot;: &quot;Invalid query_params: expected int (path \&quot;boardingTime\&quot;)&quot;}&quot;; line: 1, column: 14] (through reference chain: pojo.RescheduleSlots[&quot;message&quot;])
	at com.fasterxml.jackson.databind.exc.UnrecognizedPropertyException.from(UnrecognizedPropertyException.java:61)
	at com.fasterxml.jackson.databind.DeserializationContext.handleUnknownProperty(DeserializationContext.java:840)
	at com.fasterxml.jackson.databind.deser.std.StdDeserializer.handleUnknownProperty(StdDeserializer.java:1192)
	at com.fasterxml.jackson.databind.deser.BeanDeserializerBase.handleUnknownProperty(BeanDeserializerBase.java:1592)
	at com.fasterxml.jackson.databind.deser.BeanDeserializerBase.handleUnknownVanilla(BeanDeserializerBase.java:1570)
	at com.fasterxml.jackson.databind.deser.BeanDeserializer.vanillaDeserialize(BeanDeserializer.java:294)
	at com.fasterxml.jackson.databind.deser.BeanDeserializer.deserialize(BeanDeserializer.java:151)
	at com.fasterxml.jackson.databind.ObjectMapper._readMapAndClose(ObjectMapper.java:4202)
	at com.fasterxml.jackson.databind.ObjectMapper.readValue(ObjectMapper.java:3205)
	at com.fasterxml.jackson.databind.ObjectMapper$readValue$2.call(Unknown Source)
	at io.restassured.internal.path.json.mapping.JsonPathJackson2ObjectDeserializer.deserialize(JsonPathJackson2ObjectDeserializer.groovy:46)
	at io.restassured.path.json.mapping.JsonPathObjectDeserializer$deserialize.call(Unknown Source)
	at io.restassured.internal.mapping.Jackson2Mapper.deserialize(Jackson2Mapper.groovy:58)
	at io.restassured.mapper.ObjectMapper$deserialize$0.call(Unknown Source)
	at io.restassured.internal.mapping.ObjectMapping.parseWithJackson2(ObjectMapping.groovy:221)
	at io.restassured.internal.mapping.ObjectMapping$parseWithJackson2$1.callStatic(Unknown Source)
	at io.restassured.internal.mapping.ObjectMapping.deserialize(ObjectMapping.groovy:58)
	at io.restassured.internal.mapping.ObjectMapping$deserialize$0.call(Unknown Source)
	at io.restassured.internal.RestAssuredResponseOptionsGroovyImpl.as(RestAssuredResponseOptionsGroovyImpl.groovy:224)
	at io.restassured.internal.RestAssuredResponseOptionsImpl.as(RestAssuredResponseOptionsImpl.java:169)
	at steps.Booking.userShouldGetABookableSlot(Booking.java:110)
	at ✽.User should get a bookable slot(file:///Users/admin/Desktop/restAssured/src/test/java/features/booking.feature:18)
</error>
    <system-out>
Scenario: verify if user is able to reschedule his ride                                                                                &amp;#27;[90m# src/test/java/features/booking.feature:14&amp;#27;[0m
Request method:	GET
Request URI:	https://consumer-backend-staging.shuttlstage.com/v4/routes/combinedSlots?fromLocId=5752b57f-fd85-4c3a-9f67-6b1f30e2e7d4&amp;toLat=28.56636061941184&amp;routeId=4a2a0e8d-ee20-4cf8-9827-94e8f52c4af3&amp;fromLat=28.58368506583371&amp;fromLng=77.21241725488308&amp;tripId&amp;source=Reschedule_Screen&amp;toLng=77.20755711353199&amp;boardingTime&amp;toLocId=c8894713-07a8-4bb0-bb49-219f545bc377
Proxy:			&lt;none&gt;
Request params:	&lt;none&gt;
Query params:	fromLocId=5752b57f-fd85-4c3a-9f67-6b1f30e2e7d4
				toLat=28.56636061941184
				routeId=4a2a0e8d-ee20-4cf8-9827-94e8f52c4af3
				fromLat=28.58368506583371
				fromLng=77.21241725488308
				tripId
				source=Reschedule_Screen
				toLng=77.20755711353199
				boardingTime
				toLocId=c8894713-07a8-4bb0-bb49-219f545bc377
Form params:	&lt;none&gt;
Path params:	&lt;none&gt;
Headers:		sessionId=74DFGPOYYFD4TB6XJ2EHNRMY62XBP4OCZCTC34XBNWNGWYPDGBAPDT6VUBJEDZUQZZ5ZIBQWLIO5ZIY35OJOWI6SGN6AULSVJ3QLKNI
				Accept=*/*
				Content-Type=application/json; charset=UTF-8
Cookies:		&lt;none&gt;
Multiparts:		&lt;none&gt;
Body:			&lt;none&gt;
  &amp;#27;[32mGiven &amp;#27;[0m&amp;#27;[32mGiven user call &amp;#27;[0m&amp;#27;[32m&amp;#27;[1m&quot;GET&quot;&amp;#27;[0m&amp;#27;[32m https request for &amp;#27;[0m&amp;#27;[32m&amp;#27;[1m&quot;/v4/routes/combinedSlots&quot;&amp;#27;[0m&amp;#27;[32m with below payload for reschedulable&amp;#27;[0m                        &amp;#27;[90m# steps.Booking.givenUserCallHttpsRequestForWithBelowPayloadForReschedulable(java.lang.String,java.lang.String,io.cucumber.datatable.DataTable)&amp;#27;[0m
  &amp;#27;[31mAnd &amp;#27;[0m&amp;#27;[31mUser should get a bookable slot&amp;#27;[0m                                                                                                  &amp;#27;[90m# steps.Booking.userShouldGetABookableSlot()&amp;#27;[0m
      &amp;#27;[31mcom.fasterxml.jackson.databind.exc.UnrecognizedPropertyException: Unrecognized field &quot;message&quot; (class pojo.RescheduleSlots), not marked as ignorable (3 known properties: &quot;cached&quot;, &quot;success&quot;, &quot;data&quot;])
 at [Source: (String)&quot;{&quot;message&quot;: &quot;Invalid query_params: expected int (path \&quot;boardingTime\&quot;)&quot;}&quot;; line: 1, column: 14] (through reference chain: pojo.RescheduleSlots[&quot;message&quot;])
	at com.fasterxml.jackson.databind.exc.UnrecognizedPropertyException.from(UnrecognizedPropertyException.java:61)
	at com.fasterxml.jackson.databind.DeserializationContext.handleUnknownProperty(DeserializationContext.java:840)
	at com.fasterxml.jackson.databind.deser.std.StdDeserializer.handleUnknownProperty(StdDeserializer.java:1192)
	at com.fasterxml.jackson.databind.deser.BeanDeserializerBase.handleUnknownProperty(BeanDeserializerBase.java:1592)
	at com.fasterxml.jackson.databind.deser.BeanDeserializerBase.handleUnknownVanilla(BeanDeserializerBase.java:1570)
	at com.fasterxml.jackson.databind.deser.BeanDeserializer.vanillaDeserialize(BeanDeserializer.java:294)
	at com.fasterxml.jackson.databind.deser.BeanDeserializer.deserialize(BeanDeserializer.java:151)
	at com.fasterxml.jackson.databind.ObjectMapper._readMapAndClose(ObjectMapper.java:4202)
	at com.fasterxml.jackson.databind.ObjectMapper.readValue(ObjectMapper.java:3205)
	at com.fasterxml.jackson.databind.ObjectMapper$readValue$2.call(Unknown Source)
	at io.restassured.internal.path.json.mapping.JsonPathJackson2ObjectDeserializer.deserialize(JsonPathJackson2ObjectDeserializer.groovy:46)
	at io.restassured.path.json.mapping.JsonPathObjectDeserializer$deserialize.call(Unknown Source)
	at io.restassured.internal.mapping.Jackson2Mapper.deserialize(Jackson2Mapper.groovy:58)
	at io.restassured.mapper.ObjectMapper$deserialize$0.call(Unknown Source)
	at io.restassured.internal.mapping.ObjectMapping.parseWithJackson2(ObjectMapping.groovy:221)
	at io.restassured.internal.mapping.ObjectMapping$parseWithJackson2$1.callStatic(Unknown Source)
	at io.restassured.internal.mapping.ObjectMapping.deserialize(ObjectMapping.groovy:58)
	at io.restassured.internal.mapping.ObjectMapping$deserialize$0.call(Unknown Source)
	at io.restassured.internal.RestAssuredResponseOptionsGroovyImpl.as(RestAssuredResponseOptionsGroovyImpl.groovy:224)
	at io.restassured.internal.RestAssuredResponseOptionsImpl.as(RestAssuredResponseOptionsImpl.java:169)
	at steps.Booking.userShouldGetABookableSlot(Booking.java:110)
	at ?.User should get a bookable slot(file:///Users/admin/Desktop/restAssured/src/test/java/features/booking.feature:18)
&amp;#27;[0m
  &amp;#27;[36mAnd &amp;#27;[0m&amp;#27;[36mIf user call &amp;#27;[0m&amp;#27;[36m&amp;#27;[1m&quot;POST&quot;&amp;#27;[0m&amp;#27;[36m https request for &amp;#27;[0m&amp;#27;[36m&amp;#27;[1m&quot;/v3/booking/create&quot;&amp;#27;[0m&amp;#27;[36m with reschedule create booking call&amp;#27;[0m                                   &amp;#27;[90m# steps.Booking.ifUserCallHttpsRequestForWithRescheduleCreateBookingCall(java.lang.String,java.lang.String,io.cucumber.datatable.DataTable)&amp;#27;[0m
  &amp;#27;[36mThen &amp;#27;[0m&amp;#27;[36mUser should get successful response with message &amp;#27;[0m&amp;#27;[36m&amp;#27;[1m&quot;Your ride has been confirmed&quot;&amp;#27;[0m&amp;#27;[36m and parent booking status should be &amp;#27;[0m&amp;#27;[36m&amp;#27;[1m&quot;POSTPONED&quot;&amp;#27;[0m &amp;#27;[90m# steps.Booking.userShouldGetSuccessfulResponseWithMessageAndParentBookingStatusShouldBe(java.lang.String,java.lang.String)&amp;#27;[0m
verify if user is able to reschedule his ride Status - FAILED
------------------------------------
</system-out>
  </testcase>
  <testcase classname="Verify if a user is able to book, reschedule and cancel a ride" name="verify if user is able to cancel his ride" time="0.412">
    <error message="Failed to parse the JSON document" type="io.restassured.path.json.exception.JsonPathException">io.restassured.path.json.exception.JsonPathException: Failed to parse the JSON document
	at io.restassured.path.json.JsonPath$ExceptionCatcher.invoke(JsonPath.java:1002)
	at io.restassured.path.json.JsonPath$4.doParseWith(JsonPath.java:967)
	at io.restassured.path.json.JsonPath$JsonParser.parseWith(JsonPath.java:1047)
	at io.restassured.path.json.JsonPath.get(JsonPath.java:202)
	at io.restassured.path.json.JsonPath.getString(JsonPath.java:352)
	at steps.Booking.userShouldGetHisBookingStatusAs(Booking.java:162)
	at ✽.User should get his bookingStatus as &quot;CANCELLED&quot;(file:///Users/admin/Desktop/restAssured/src/test/java/features/booking.feature:26)
Caused by: groovy.json.JsonException: Lexing failed on line: 1, column: 1, while reading &apos;&lt;&apos;, no possible valid JSON value or punctuation could be recognized.
	at groovy.json.JsonLexer.nextToken(JsonLexer.java:86)
	at groovy.json.JsonLexer$nextToken.call(Unknown Source)
	at io.restassured.internal.path.json.ConfigurableJsonSlurper.parse(ConfigurableJsonSlurper.groovy:97)
	at io.restassured.internal.path.json.ConfigurableJsonSlurper$parse.callCurrent(Unknown Source)
	at io.restassured.internal.path.json.ConfigurableJsonSlurper.parseText(ConfigurableJsonSlurper.groovy:83)
	at io.restassured.path.json.JsonPath$4$1.method(JsonPath.java:965)
	at io.restassured.path.json.JsonPath$ExceptionCatcher.invoke(JsonPath.java:1000)
	at io.restassured.path.json.JsonPath$4.doParseWith(JsonPath.java:967)
	at io.restassured.path.json.JsonPath$JsonParser.parseWith(JsonPath.java:1047)
	at io.restassured.path.json.JsonPath.get(JsonPath.java:202)
	at io.restassured.path.json.JsonPath.getString(JsonPath.java:352)
	at steps.Booking.userShouldGetHisBookingStatusAs(Booking.java:162)
	at java.base/jdk.internal.reflect.NativeMethodAccessorImpl.invoke0(Native Method)
	at java.base/jdk.internal.reflect.NativeMethodAccessorImpl.invoke(NativeMethodAccessorImpl.java:62)
	at java.base/jdk.internal.reflect.DelegatingMethodAccessorImpl.invoke(DelegatingMethodAccessorImpl.java:43)
	at java.base/java.lang.reflect.Method.invoke(Method.java:566)
	at io.cucumber.java.Invoker.invoke(Invoker.java:27)
	at io.cucumber.java.JavaStepDefinition.execute(JavaStepDefinition.java:27)
	at io.cucumber.core.runner.PickleStepDefinitionMatch.runStep(PickleStepDefinitionMatch.java:63)
	at io.cucumber.core.runner.TestStep.executeStep(TestStep.java:64)
	at io.cucumber.core.runner.TestStep.run(TestStep.java:49)
	at io.cucumber.core.runner.PickleStepTestStep.run(PickleStepTestStep.java:46)
	at io.cucumber.core.runner.TestCase.run(TestCase.java:51)
	at io.cucumber.core.runner.Runner.runPickle(Runner.java:66)
	at io.cucumber.junit.PickleRunners$NoStepDescriptions.run(PickleRunners.java:149)
	at io.cucumber.junit.FeatureRunner.runChild(FeatureRunner.java:83)
	at io.cucumber.junit.FeatureRunner.runChild(FeatureRunner.java:24)
	at org.junit.runners.ParentRunner$3.run(ParentRunner.java:290)
	at org.junit.runners.ParentRunner$1.schedule(ParentRunner.java:71)
	at org.junit.runners.ParentRunner.runChildren(ParentRunner.java:288)
	at org.junit.runners.ParentRunner.access$000(ParentRunner.java:58)
	at org.junit.runners.ParentRunner$2.evaluate(ParentRunner.java:268)
	at org.junit.runners.ParentRunner.run(ParentRunner.java:363)
	at io.cucumber.junit.Cucumber.runChild(Cucumber.java:185)
	at io.cucumber.junit.Cucumber.runChild(Cucumber.java:83)
	at org.junit.runners.ParentRunner$3.run(ParentRunner.java:290)
	at org.junit.runners.ParentRunner$1.schedule(ParentRunner.java:71)
	at org.junit.runners.ParentRunner.runChildren(ParentRunner.java:288)
	at org.junit.runners.ParentRunner.access$000(ParentRunner.java:58)
	at org.junit.runners.ParentRunner$2.evaluate(ParentRunner.java:268)
	at io.cucumber.junit.Cucumber$RunCucumber.evaluate(Cucumber.java:219)
	at org.junit.runners.ParentRunner.run(ParentRunner.java:363)
	at org.apache.maven.surefire.junit4.JUnit4Provider.execute(JUnit4Provider.java:252)
	at org.apache.maven.surefire.junit4.JUnit4Provider.executeTestSet(JUnit4Provider.java:141)
	at org.apache.maven.surefire.junit4.JUnit4Provider.invoke(JUnit4Provider.java:112)
	at java.base/jdk.internal.reflect.NativeMethodAccessorImpl.invoke0(Native Method)
	at java.base/jdk.internal.reflect.NativeMethodAccessorImpl.invoke(NativeMethodAccessorImpl.java:62)
	at java.base/jdk.internal.reflect.DelegatingMethodAccessorImpl.invoke(DelegatingMethodAccessorImpl.java:43)
	at java.base/java.lang.reflect.Method.invoke(Method.java:566)
	at org.apache.maven.surefire.util.ReflectionUtils.invokeMethodWithArray(ReflectionUtils.java:189)
	at org.apache.maven.surefire.booter.ProviderFactory$ProviderProxy.invoke(ProviderFactory.java:165)
	at org.apache.maven.surefire.booter.ProviderFactory.invokeProvider(ProviderFactory.java:85)
	at org.apache.maven.surefire.booter.ForkedBooter.runSuitesInProcess(ForkedBooter.java:115)
	at org.apache.maven.surefire.booter.ForkedBooter.main(ForkedBooter.java:75)
</error>
    <system-out>
Scenario: verify if user is able to cancel his ride                                  &amp;#27;[90m# src/test/java/features/booking.feature:24&amp;#27;[0m
Request method:	POST
Request URI:	https://consumer-backend-staging.shuttlstage.com/v3/booking/cancel
Proxy:			&lt;none&gt;
Request params:	&lt;none&gt;
Query params:	&lt;none&gt;
Form params:	&lt;none&gt;
Path params:	&lt;none&gt;
Headers:		sessionId=74DFGPOYYFD4TB6XJ2EHNRMY62XBP4OCZCTC34XBNWNGWYPDGBAPDT6VUBJEDZUQZZ5ZIBQWLIO5ZIY35OJOWI6SGN6AULSVJ3QLKNI
				Accept=*/*
				Content-Type=application/json; charset=UTF-8
Cookies:		&lt;none&gt;
Multiparts:		&lt;none&gt;
Body:
{
    &quot;reasonId&quot;: 1,
    &quot;bookingId&quot;: null
}
  &amp;#27;[32mGiven &amp;#27;[0m&amp;#27;[32mA user call &amp;#27;[0m&amp;#27;[32m&amp;#27;[1m&quot;POST&quot;&amp;#27;[0m&amp;#27;[32m https request for &amp;#27;[0m&amp;#27;[32m&amp;#27;[1m&quot;/v3/booking/cancel&quot;&amp;#27;[0m&amp;#27;[32m to cancel his ride&amp;#27;[0m &amp;#27;[90m# steps.Booking.aUserCallHttpsRequestForToCancelHisRide(java.lang.String,java.lang.String)&amp;#27;[0m
  &amp;#27;[31mThen &amp;#27;[0m&amp;#27;[31mUser should get his bookingStatus as &amp;#27;[0m&amp;#27;[31m&amp;#27;[1m&quot;CANCELLED&quot;&amp;#27;[0m                              &amp;#27;[90m# steps.Booking.userShouldGetHisBookingStatusAs(java.lang.String)&amp;#27;[0m
      &amp;#27;[31mio.restassured.path.json.exception.JsonPathException: Failed to parse the JSON document
	at io.restassured.path.json.JsonPath$ExceptionCatcher.invoke(JsonPath.java:1002)
	at io.restassured.path.json.JsonPath$4.doParseWith(JsonPath.java:967)
	at io.restassured.path.json.JsonPath$JsonParser.parseWith(JsonPath.java:1047)
	at io.restassured.path.json.JsonPath.get(JsonPath.java:202)
	at io.restassured.path.json.JsonPath.getString(JsonPath.java:352)
	at steps.Booking.userShouldGetHisBookingStatusAs(Booking.java:162)
	at ?.User should get his bookingStatus as &quot;CANCELLED&quot;(file:///Users/admin/Desktop/restAssured/src/test/java/features/booking.feature:26)
Caused by: groovy.json.JsonException: Lexing failed on line: 1, column: 1, while reading &apos;&lt;&apos;, no possible valid JSON value or punctuation could be recognized.
	at groovy.json.JsonLexer.nextToken(JsonLexer.java:86)
	at groovy.json.JsonLexer$nextToken.call(Unknown Source)
	at io.restassured.internal.path.json.ConfigurableJsonSlurper.parse(ConfigurableJsonSlurper.groovy:97)
	at io.restassured.internal.path.json.ConfigurableJsonSlurper$parse.callCurrent(Unknown Source)
	at io.restassured.internal.path.json.ConfigurableJsonSlurper.parseText(ConfigurableJsonSlurper.groovy:83)
	at io.restassured.path.json.JsonPath$4$1.method(JsonPath.java:965)
	at io.restassured.path.json.JsonPath$ExceptionCatcher.invoke(JsonPath.java:1000)
	at io.restassured.path.json.JsonPath$4.doParseWith(JsonPath.java:967)
	at io.restassured.path.json.JsonPath$JsonParser.parseWith(JsonPath.java:1047)
	at io.restassured.path.json.JsonPath.get(JsonPath.java:202)
	at io.restassured.path.json.JsonPath.getString(JsonPath.java:352)
	at steps.Booking.userShouldGetHisBookingStatusAs(Booking.java:162)
	at java.base/jdk.internal.reflect.NativeMethodAccessorImpl.invoke0(Native Method)
	at java.base/jdk.internal.reflect.NativeMethodAccessorImpl.invoke(NativeMethodAccessorImpl.java:62)
	at java.base/jdk.internal.reflect.DelegatingMethodAccessorImpl.invoke(DelegatingMethodAccessorImpl.java:43)
	at java.base/java.lang.reflect.Method.invoke(Method.java:566)
	at io.cucumber.java.Invoker.invoke(Invoker.java:27)
	at io.cucumber.java.JavaStepDefinition.execute(JavaStepDefinition.java:27)
	at io.cucumber.core.runner.PickleStepDefinitionMatch.runStep(PickleStepDefinitionMatch.java:63)
	at io.cucumber.core.runner.TestStep.executeStep(TestStep.java:64)
	at io.cucumber.core.runner.TestStep.run(TestStep.java:49)
	at io.cucumber.core.runner.PickleStepTestStep.run(PickleStepTestStep.java:46)
	at io.cucumber.core.runner.TestCase.run(TestCase.java:51)
	at io.cucumber.core.runner.Runner.runPickle(Runner.java:66)
	at io.cucumber.junit.PickleRunners$NoStepDescriptions.run(PickleRunners.java:149)
	at io.cucumber.junit.FeatureRunner.runChild(FeatureRunner.java:83)
	at io.cucumber.junit.FeatureRunner.runChild(FeatureRunner.java:24)
	at org.junit.runners.ParentRunner$3.run(ParentRunner.java:290)
	at org.junit.runners.ParentRunner$1.schedule(ParentRunner.java:71)
	at org.junit.runners.ParentRunner.runChildren(ParentRunner.java:288)
	at org.junit.runners.ParentRunner.access$000(ParentRunner.java:58)
	at org.junit.runners.ParentRunner$2.evaluate(ParentRunner.java:268)
	at org.junit.runners.ParentRunner.run(ParentRunner.java:363)
	at io.cucumber.junit.Cucumber.runChild(Cucumber.java:185)
	at io.cucumber.junit.Cucumber.runChild(Cucumber.java:83)
	at org.junit.runners.ParentRunner$3.run(ParentRunner.java:290)
	at org.junit.runners.ParentRunner$1.schedule(ParentRunner.java:71)
	at org.junit.runners.ParentRunner.runChildren(ParentRunner.java:288)
	at org.junit.runners.ParentRunner.access$000(ParentRunner.java:58)
	at org.junit.runners.ParentRunner$2.evaluate(ParentRunner.java:268)
	at io.cucumber.junit.Cucumber$RunCucumber.evaluate(Cucumber.java:219)
	at org.junit.runners.ParentRunner.run(ParentRunner.java:363)
	at org.apache.maven.surefire.junit4.JUnit4Provider.execute(JUnit4Provider.java:252)
	at org.apache.maven.surefire.junit4.JUnit4Provider.executeTestSet(JUnit4Provider.java:141)
	at org.apache.maven.surefire.junit4.JUnit4Provider.invoke(JUnit4Provider.java:112)
	at java.base/jdk.internal.reflect.NativeMethodAccessorImpl.invoke0(Native Method)
	at java.base/jdk.internal.reflect.NativeMethodAccessorImpl.invoke(NativeMethodAccessorImpl.java:62)
	at java.base/jdk.internal.reflect.DelegatingMethodAccessorImpl.invoke(DelegatingMethodAccessorImpl.java:43)
	at java.base/java.lang.reflect.Method.invoke(Method.java:566)
	at org.apache.maven.surefire.util.ReflectionUtils.invokeMethodWithArray(ReflectionUtils.java:189)
	at org.apache.maven.surefire.booter.ProviderFactory$ProviderProxy.invoke(ProviderFactory.java:165)
	at org.apache.maven.surefire.booter.ProviderFactory.invokeProvider(ProviderFactory.java:85)
	at org.apache.maven.surefire.booter.ForkedBooter.runSuitesInProcess(ForkedBooter.java:115)
	at org.apache.maven.surefire.booter.ForkedBooter.main(ForkedBooter.java:75)
&amp;#27;[0m
verify if user is able to cancel his ride Status - FAILED
------------------------------------
</system-out>
  </testcase>
  <testcase classname="Validating the app login flows" name="verify if user is successfully able to generate the OTP" time="1.292"/>
  <testcase classname="Validating the app login flows" name="verify if user is successfully able to generate the OTP" time="0.303"/>
  <testcase classname="Validating the app login flows" name="verify if user is successfully login into the app with json validations" time="0.844"/>
  <testcase classname="Validating the app login flows" name="verify if user is successfully login into the app with json validations" time="0.831"/>
  <testcase classname="Validating the app login flows" name="verify if user is successfully registered himself in the shuttl app" time="0.653"/>
  <testcase classname="Validating the route search results" name="verify if user is able to get the timeslots" time="0.252">
    <error message="Unrecognized field &quot;message&quot; (class pojo.CombinedSlots), not marked as ignorable (3 known properties: &quot;cached&quot;, &quot;success&quot;, &quot;data&quot;])
 at [Source: (String)&quot;{&quot;message&quot;: &quot;Invalid query_params: expected float (path \&quot;fromLng\&quot;)&quot;}&quot;; line: 1, column: 14] (through reference chain: pojo.CombinedSlots[&quot;message&quot;])" type="com.fasterxml.jackson.databind.exc.UnrecognizedPropertyException">com.fasterxml.jackson.databind.exc.UnrecognizedPropertyException: Unrecognized field &quot;message&quot; (class pojo.CombinedSlots), not marked as ignorable (3 known properties: &quot;cached&quot;, &quot;success&quot;, &quot;data&quot;])
 at [Source: (String)&quot;{&quot;message&quot;: &quot;Invalid query_params: expected float (path \&quot;fromLng\&quot;)&quot;}&quot;; line: 1, column: 14] (through reference chain: pojo.CombinedSlots[&quot;message&quot;])
	at com.fasterxml.jackson.databind.exc.UnrecognizedPropertyException.from(UnrecognizedPropertyException.java:61)
	at com.fasterxml.jackson.databind.DeserializationContext.handleUnknownProperty(DeserializationContext.java:840)
	at com.fasterxml.jackson.databind.deser.std.StdDeserializer.handleUnknownProperty(StdDeserializer.java:1192)
	at com.fasterxml.jackson.databind.deser.BeanDeserializerBase.handleUnknownProperty(BeanDeserializerBase.java:1592)
	at com.fasterxml.jackson.databind.deser.BeanDeserializerBase.handleUnknownVanilla(BeanDeserializerBase.java:1570)
	at com.fasterxml.jackson.databind.deser.BeanDeserializer.vanillaDeserialize(BeanDeserializer.java:294)
	at com.fasterxml.jackson.databind.deser.BeanDeserializer.deserialize(BeanDeserializer.java:151)
	at com.fasterxml.jackson.databind.ObjectMapper._readMapAndClose(ObjectMapper.java:4202)
	at com.fasterxml.jackson.databind.ObjectMapper.readValue(ObjectMapper.java:3205)
	at com.fasterxml.jackson.databind.ObjectMapper$readValue$2.call(Unknown Source)
	at io.restassured.internal.path.json.mapping.JsonPathJackson2ObjectDeserializer.deserialize(JsonPathJackson2ObjectDeserializer.groovy:46)
	at io.restassured.path.json.mapping.JsonPathObjectDeserializer$deserialize.call(Unknown Source)
	at io.restassured.internal.mapping.Jackson2Mapper.deserialize(Jackson2Mapper.groovy:58)
	at io.restassured.mapper.ObjectMapper$deserialize$0.call(Unknown Source)
	at io.restassured.internal.mapping.ObjectMapping.parseWithJackson2(ObjectMapping.groovy:221)
	at io.restassured.internal.mapping.ObjectMapping$parseWithJackson2$1.callStatic(Unknown Source)
	at io.restassured.internal.mapping.ObjectMapping.deserialize(ObjectMapping.groovy:58)
	at io.restassured.internal.mapping.ObjectMapping$deserialize$0.call(Unknown Source)
	at io.restassured.internal.RestAssuredResponseOptionsGroovyImpl.as(RestAssuredResponseOptionsGroovyImpl.groovy:224)
	at io.restassured.internal.RestAssuredResponseOptionsImpl.as(RestAssuredResponseOptionsImpl.java:169)
	at steps.Route.iShouldSeeMyPickupPointAsAndDropPointAs(Route.java:37)
	at ✽.I should see my pickup point as &quot;SF Airport&quot; and drop point as &quot;SFHospital&quot;(file:///Users/admin/Desktop/restAssured/src/test/java/features/route.feature:6)
</error>
    <system-out>
@route
Scenario Outline: verify if user is able to get the timeslots                                                                                                                &amp;#27;[90m# src/test/java/features/route.feature:11&amp;#27;[0m
Request method:	GET
Request URI:	https://consumer-backend-staging.shuttlstage.com/v4/routes/combinedSlots?toLat=28.56636061941184&amp;fromLat=28.58368506583371&amp;fromLng=77.21241%20725488308&amp;toLng=77.20755711353199
Proxy:			&lt;none&gt;
Request params:	&lt;none&gt;
Query params:	toLat=28.56636061941184
				fromLat=28.58368506583371
				fromLng=77.21241 725488308
				toLng=77.20755711353199
Form params:	&lt;none&gt;
Path params:	&lt;none&gt;
Headers:		sessionId=KC5PURUISKV75JQNMLJI7DDWBQWDCXHRAXJZXFQGKBXGRIG7YJ6WQTV2VW6YQPD3RG4VVRV4NS24BGMKNMTRDOZC32TRPDSUUVMW5QA
				Accept=*/*
				Content-Type=application/json; charset=UTF-8
Cookies:		&lt;none&gt;
Multiparts:		&lt;none&gt;
Body:			&lt;none&gt;
  &amp;#27;[32mGiven &amp;#27;[0m&amp;#27;[32mGiven user call &amp;#27;[0m&amp;#27;[32m&amp;#27;[1m&quot;GET&quot;&amp;#27;[0m&amp;#27;[32m https request for &amp;#27;[0m&amp;#27;[32m&amp;#27;[1m&quot;/v4/routes/combinedSlots&quot;&amp;#27;[0m&amp;#27;[32m with &amp;#27;[0m&amp;#27;[32m&amp;#27;[1m&apos;28.58368506583371&apos;&amp;#27;[0m&amp;#27;[32m and &amp;#27;[0m&amp;#27;[32m&amp;#27;[1m&apos;77.21241 725488308&apos;&amp;#27;[0m&amp;#27;[32m and &amp;#27;[0m&amp;#27;[32m&amp;#27;[1m&apos;28.56636061941184&apos;&amp;#27;[0m&amp;#27;[32m and &amp;#27;[0m&amp;#27;[32m&amp;#27;[1m&apos;77.20755711353199&apos;&amp;#27;[0m &amp;#27;[90m# steps.Route.givenUserCallHttpsRequestForWithAndAndAnd(java.lang.String,java.lang.String,java.lang.String,java.lang.String,java.lang.String,java.lang.String)&amp;#27;[0m
  &amp;#27;[31mThen &amp;#27;[0m&amp;#27;[31mI should see my pickup point as &amp;#27;[0m&amp;#27;[31m&amp;#27;[1m&quot;SF Airport&quot;&amp;#27;[0m&amp;#27;[31m and drop point as &amp;#27;[0m&amp;#27;[31m&amp;#27;[1m&quot;SFHospital&quot;&amp;#27;[0m                                                                                           &amp;#27;[90m# steps.Route.iShouldSeeMyPickupPointAsAndDropPointAs(java.lang.String,java.lang.String)&amp;#27;[0m
      &amp;#27;[31mcom.fasterxml.jackson.databind.exc.UnrecognizedPropertyException: Unrecognized field &quot;message&quot; (class pojo.CombinedSlots), not marked as ignorable (3 known properties: &quot;cached&quot;, &quot;success&quot;, &quot;data&quot;])
 at [Source: (String)&quot;{&quot;message&quot;: &quot;Invalid query_params: expected float (path \&quot;fromLng\&quot;)&quot;}&quot;; line: 1, column: 14] (through reference chain: pojo.CombinedSlots[&quot;message&quot;])
	at com.fasterxml.jackson.databind.exc.UnrecognizedPropertyException.from(UnrecognizedPropertyException.java:61)
	at com.fasterxml.jackson.databind.DeserializationContext.handleUnknownProperty(DeserializationContext.java:840)
	at com.fasterxml.jackson.databind.deser.std.StdDeserializer.handleUnknownProperty(StdDeserializer.java:1192)
	at com.fasterxml.jackson.databind.deser.BeanDeserializerBase.handleUnknownProperty(BeanDeserializerBase.java:1592)
	at com.fasterxml.jackson.databind.deser.BeanDeserializerBase.handleUnknownVanilla(BeanDeserializerBase.java:1570)
	at com.fasterxml.jackson.databind.deser.BeanDeserializer.vanillaDeserialize(BeanDeserializer.java:294)
	at com.fasterxml.jackson.databind.deser.BeanDeserializer.deserialize(BeanDeserializer.java:151)
	at com.fasterxml.jackson.databind.ObjectMapper._readMapAndClose(ObjectMapper.java:4202)
	at com.fasterxml.jackson.databind.ObjectMapper.readValue(ObjectMapper.java:3205)
	at com.fasterxml.jackson.databind.ObjectMapper$readValue$2.call(Unknown Source)
	at io.restassured.internal.path.json.mapping.JsonPathJackson2ObjectDeserializer.deserialize(JsonPathJackson2ObjectDeserializer.groovy:46)
	at io.restassured.path.json.mapping.JsonPathObjectDeserializer$deserialize.call(Unknown Source)
	at io.restassured.internal.mapping.Jackson2Mapper.deserialize(Jackson2Mapper.groovy:58)
	at io.restassured.mapper.ObjectMapper$deserialize$0.call(Unknown Source)
	at io.restassured.internal.mapping.ObjectMapping.parseWithJackson2(ObjectMapping.groovy:221)
	at io.restassured.internal.mapping.ObjectMapping$parseWithJackson2$1.callStatic(Unknown Source)
	at io.restassured.internal.mapping.ObjectMapping.deserialize(ObjectMapping.groovy:58)
	at io.restassured.internal.mapping.ObjectMapping$deserialize$0.call(Unknown Source)
	at io.restassured.internal.RestAssuredResponseOptionsGroovyImpl.as(RestAssuredResponseOptionsGroovyImpl.groovy:224)
	at io.restassured.internal.RestAssuredResponseOptionsImpl.as(RestAssuredResponseOptionsImpl.java:169)
	at steps.Route.iShouldSeeMyPickupPointAsAndDropPointAs(Route.java:37)
	at ?.I should see my pickup point as &quot;SF Airport&quot; and drop point as &quot;SFHospital&quot;(file:///Users/admin/Desktop/restAssured/src/test/java/features/route.feature:6)
&amp;#27;[0m
  &amp;#27;[36mAnd &amp;#27;[0m&amp;#27;[36mIf I have any slot operational &amp;#27;[0m&amp;#27;[36m&amp;#27;[1m&quot;true&quot;&amp;#27;[0m&amp;#27;[36m then I should see slotType &amp;#27;[0m&amp;#27;[36m&amp;#27;[1m&quot;BOOKABLE&quot;&amp;#27;[0m&amp;#27;[36m.&amp;#27;[0m                                                                                           &amp;#27;[90m# steps.Route.ifIHaveAnySlotOperationalThenIShouldSeeSlotType(java.lang.String,java.lang.String)&amp;#27;[0m
  &amp;#27;[36mAnd &amp;#27;[0m&amp;#27;[36muser should be having &amp;#27;[0m&amp;#27;[36m&amp;#27;[1m&quot;50 free rides&quot;&amp;#27;[0m&amp;#27;[36m with coupon code as &amp;#27;[0m&amp;#27;[36m&amp;#27;[1m&quot;AUTOMATION&quot;&amp;#27;[0m&amp;#27;[36m.&amp;#27;[0m                                                                                                &amp;#27;[90m# steps.Route.userShouldBeHavingWithCouponCodeAs(java.lang.String,java.lang.String)&amp;#27;[0m
verify if user is able to get the timeslots Status - FAILED
------------------------------------
</system-out>
  </testcase>
  <testcase classname="Validating the stop search results" name="Verify if the place preference values for bing &amp; google" time="0.251"/>
  <testcase classname="Validating the stop search results" name="Verify if user is able to see the desired stops" time="0.36"/>
  <testcase classname="Validating the subscription related flows" name="Verify if user is able to see all the available offerings on the app" time="0.838"/>
  <testcase classname="Validating the subscription related flows" name="Verify if user is able to see all the details related to particular offering" time="0.406"/>
  <testcase classname="Validating the subscription related flows" name="Verify if user is able to purchase a shuttl pass" time="2.561"/>
  <testcase classname="Validating the subscription related flows" name="Verify if user is able to see his purchased offering on the app" time="0.683"/>
  <testcase classname="Validating the subscription related flows" name="Verify if user is able to cancel his purchased pass" time="0.583"/>
</testsuite>