<?xml version="1.0" encoding="UTF-8" ?>
<testsuite tests="6" failures="1" name="cucumberOptions.TestRunner" time="8.732" errors="0" skipped="0">
  <properties>
    <property name="java.runtime.name" value="Java(TM) SE Runtime Environment"/>
    <property name="java.vm.version" value="11.0.5+10-LTS"/>
    <property name="sun.boot.library.path" value="/Library/Java/JavaVirtualMachines/jdk-11.0.5.jdk/Contents/Home/lib"/>
    <property name="gopherProxySet" value="false"/>
    <property name="maven.multiModuleProjectDirectory" value="/Users/admin/Desktop/restAssured"/>
    <property name="java.vm.vendor" value="Oracle Corporation"/>
    <property name="java.vendor.url" value="http://java.oracle.com/"/>
    <property name="guice.disable.misplaced.annotation.check" value="true"/>
    <property name="path.separator" value=":"/>
    <property name="java.vm.name" value="Java HotSpot(TM) 64-Bit Server VM"/>
    <property name="sun.os.patch.level" value="unknown"/>
    <property name="user.country" value="IN"/>
    <property name="sun.java.launcher" value="SUN_STANDARD"/>
    <property name="java.vm.specification.name" value="Java Virtual Machine Specification"/>
    <property name="user.dir" value="/Users/admin/Desktop/restAssured"/>
    <property name="java.vm.compressedOopsMode" value="Zero based"/>
    <property name="java.runtime.version" value="11.0.5+10-LTS"/>
    <property name="java.awt.graphicsenv" value="sun.awt.CGraphicsEnvironment"/>
    <property name="os.arch" value="x86_64"/>
    <property name="java.io.tmpdir" value="/var/folders/bx/2ssgk4ks5wn56hxcbc1l5kc00000gp/T/"/>
    <property name="line.separator" value="
"/>
    <property name="java.vm.specification.vendor" value="Oracle Corporation"/>
    <property name="os.name" value="Mac OS X"/>
    <property name="classworlds.conf" value="/usr/local/Cellar/maven/3.5.0/libexec/bin/m2.conf"/>
    <property name="sun.jnu.encoding" value="UTF-8"/>
    <property name="java.library.path" value="/Users/admin/Library/Java/Extensions:/Library/Java/Extensions:/Network/Library/Java/Extensions:/System/Library/Java/Extensions:/usr/lib/java:."/>
    <property name="maven.conf" value="/usr/local/Cellar/maven/3.5.0/libexec/conf"/>
    <property name="jdk.debug" value="release"/>
    <property name="java.class.version" value="55.0"/>
    <property name="java.specification.name" value="Java Platform API Specification"/>
    <property name="sun.management.compiler" value="HotSpot 64-Bit Tiered Compilers"/>
    <property name="os.version" value="10.13.5"/>
    <property name="library.jansi.path" value="/usr/local/Cellar/maven/3.5.0/libexec/lib/jansi-native/osx64"/>
    <property name="user.home" value="/Users/admin"/>
    <property name="user.timezone" value="Asia/Kolkata"/>
    <property name="java.awt.printerjob" value="sun.lwawt.macosx.CPrinterJob"/>
    <property name="file.encoding" value="US-ASCII"/>
    <property name="java.specification.version" value="11"/>
    <property name="user.name" value="jai"/>
    <property name="java.class.path" value="/usr/local/Cellar/maven/3.5.0/libexec/boot/plexus-classworlds-2.5.2.jar"/>
    <property name="java.vm.specification.version" value="11"/>
    <property name="sun.arch.data.model" value="64"/>
    <property name="sun.java.command" value="org.codehaus.plexus.classworlds.launcher.Launcher verify"/>
    <property name="java.home" value="/Library/Java/JavaVirtualMachines/jdk-11.0.5.jdk/Contents/Home"/>
    <property name="user.language" value="en"/>
    <property name="java.specification.vendor" value="Oracle Corporation"/>
    <property name="awt.toolkit" value="sun.lwawt.macosx.LWCToolkit"/>
    <property name="java.vm.info" value="mixed mode"/>
    <property name="java.version" value="11.0.5"/>
    <property name="java.vendor" value="Oracle Corporation"/>
    <property name="maven.home" value="/usr/local/Cellar/maven/3.5.0/libexec"/>
    <property name="file.separator" value="/"/>
    <property name="java.version.date" value="2019-10-15"/>
    <property name="java.vendor.url.bug" value="http://bugreport.java.com/bugreport/"/>
    <property name="sun.io.unicode.encoding" value="UnicodeBig"/>
    <property name="sun.cpu.endian" value="little"/>
    <property name="java.vendor.version" value="18.9"/>
    <property name="sun.cpu.isalist" value=""/>
  </properties>
  <testcase classname="Validating the app login flows" name="verify if user is successfully able to generate the OTP" time="3.82"/>
  <testcase classname="Validating the app login flows" name="verify if user is successfully able to generate the OTP" time="0.381"/>
  <testcase classname="Validating the app login flows" name="verify if user is successfully login into the app with json validations" time="1.103"/>
  <testcase classname="Validating the app login flows" name="verify if user is successfully login into the app with json validations" time="0.53"/>
  <testcase classname="Validating the route search results" name="verify if user is able to get the timeslots" time="2.116"/>
  <testcase classname="Validating the subscription related flows" name="verify if user is able to see the offerings in the app" time="0.782">
    <failure message="
Expected: &quot;1 Rides&quot;
     but: was &quot;10 Rides&quot;" type="java.lang.AssertionError">java.lang.AssertionError: 
Expected: &quot;1 Rides&quot;
     but: was &quot;10 Rides&quot;
	at org.hamcrest.MatcherAssert.assertThat(MatcherAssert.java:18)
	at org.hamcrest.MatcherAssert.assertThat(MatcherAssert.java:6)
	at steps.Subscription.iShouldSeeTheAllGivenSubscriptionInTheAPIResponse(Subscription.java:47)
	at âœ½.I should see the all given subscription in the API response(file:///Users/admin/Desktop/restAssured/src/test/java/features/subscription.feature:10)
</failure>
    <system-out>
@pass
Scenario: verify if user is able to see the offerings in the app                                         &amp;#27;[90m# src/test/java/features/subscription.feature:5&amp;#27;[0m
Request method:	GET
Request URI:	https://consumer-backend-staging.shuttlstage.com/api/v2/subscriptions?origin_stop_id=c8894713-07a8-4bb0-bb49-219f545bc377&amp;destination_stop_id=5752b57f-fd85-4c3a-9f67-6b1f30e2e7d4
Proxy:			&lt;none&gt;
Request params:	&lt;none&gt;
Query params:	origin_stop_id=c8894713-07a8-4bb0-bb49-219f545bc377
				destination_stop_id=5752b57f-fd85-4c3a-9f67-6b1f30e2e7d4
Form params:	&lt;none&gt;
Path params:	&lt;none&gt;
Headers:		sessionId=DY2UT2VXGAPASARZJU536GSV74SXOLUSKCSNSDYXBCCGYRU26C5EWQOAB2YH4I7J6525QBNNQMWS7D6JN5ECS27S7JXUGFUJHHNOCBY
				Accept=*/*
				Content-Type=application/json; charset=UTF-8
Cookies:		&lt;none&gt;
Multiparts:		&lt;none&gt;
Body:			&lt;none&gt;
  &amp;#27;[32mGiven &amp;#27;[0m&amp;#27;[32mGiven user call &amp;#27;[0m&amp;#27;[32m&amp;#27;[1m&quot;GET&quot;&amp;#27;[0m&amp;#27;[32m https request for &amp;#27;[0m&amp;#27;[32m&amp;#27;[1m&quot;/api/v2/subscriptions&quot;&amp;#27;[0m&amp;#27;[32m with origin and destination stop&amp;#27;[0m &amp;#27;[90m# steps.Subscription.givenUserCallHttpsRequestForWithOriginAndDestinationStop(java.lang.String,java.lang.String,io.cucumber.datatable.DataTable)&amp;#27;[0m
  &amp;#27;[31mThen &amp;#27;[0m&amp;#27;[31mI should see the all given subscription in the API response&amp;#27;[0m                                       &amp;#27;[90m# steps.Subscription.iShouldSeeTheAllGivenSubscriptionInTheAPIResponse(io.cucumber.datatable.DataTable)&amp;#27;[0m
      &amp;#27;[31mjava.lang.AssertionError: 
Expected: &quot;1 Rides&quot;
     but: was &quot;10 Rides&quot;
	at org.hamcrest.MatcherAssert.assertThat(MatcherAssert.java:18)
	at org.hamcrest.MatcherAssert.assertThat(MatcherAssert.java:6)
	at steps.Subscription.iShouldSeeTheAllGivenSubscriptionInTheAPIResponse(Subscription.java:47)
	at ?.I should see the all given subscription in the API response(file:///Users/admin/Desktop/restAssured/src/test/java/features/subscription.feature:10)
&amp;#27;[0m
verify if user is able to see the offerings in the app Status - FAILED
------------------------------------
</system-out>
  </testcase>
</testsuite>